# JRE version: OpenJDK Runtime Environment (8.0_242-b01) (build 1.8.0_242-release-1644-b01)
# Java VM: OpenJDK 64-Bit Server VM (25.242-b01 mixed mode windows-amd64 compressed oops)
Heap:
 PSYoungGen      total 570368K, used 242039K [0x00000000d5580000, 0x00000000fa780000, 0x0000000100000000)
  eden space 547840K, 43% used [0x00000000d5580000,0x00000000e3d58430,0x00000000f6c80000)
  from space 22528K, 20% used [0x00000000f9180000,0x00000000f9605800,0x00000000fa780000)
  to   space 30208K, 0% used [0x00000000f6c80000,0x00000000f6c80000,0x00000000f8a00000)
 ParOldGen       total 188928K, used 84606K [0x0000000080000000, 0x000000008b880000, 0x00000000d5580000)
  object space 188928K, 44% used [0x0000000080000000,0x000000008529f9c0,0x000000008b880000)
 Metaspace       used 92674K, capacity 97480K, committed 99368K, reserved 1134592K
  class space    used 12052K, capacity 12931K, committed 13360K, reserved 1048576K
GC Heap History (10 events):
Event: 1470.174 GC heap before
{Heap before GC invocations=26 (full 4):
 PSYoungGen      total 316928K, used 281600K [0x00000000d5580000, 0x00000000efc00000, 0x0000000100000000)
  eden space 281600K, 100% used [0x00000000d5580000,0x00000000e6880000,0x00000000e6880000)
  from space 35328K, 0% used [0x00000000e6880000,0x00000000e6880000,0x00000000e8b00000)
  to   space 34816K, 0% used [0x00000000eda00000,0x00000000eda00000,0x00000000efc00000)
 ParOldGen       total 188928K, used 71137K [0x0000000080000000, 0x000000008b880000, 0x00000000d5580000)
  object space 188928K, 37% used [0x0000000080000000,0x0000000084578490,0x000000008b880000)
 Metaspace       used 92046K, capacity 96726K, committed 98856K, reserved 1134592K
  class space    used 12019K, capacity 12896K, committed 13360K, reserved 1048576K
Event: 1470.250 GC heap after
Heap after GC invocations=26 (full 4):
 PSYoungGen      total 398336K, used 3840K [0x00000000d5580000, 0x00000000efd00000, 0x0000000100000000)
  eden space 363520K, 0% used [0x00000000d5580000,0x00000000d5580000,0x00000000eb880000)
  from space 34816K, 11% used [0x00000000eda00000,0x00000000eddc0000,0x00000000efc00000)
  to   space 34304K, 0% used [0x00000000eb880000,0x00000000eb880000,0x00000000eda00000)
 ParOldGen       total 188928K, used 71145K [0x0000000080000000, 0x000000008b880000, 0x00000000d5580000)
  object space 188928K, 37% used [0x0000000080000000,0x000000008457a490,0x000000008b880000)
 Metaspace       used 92046K, capacity 96726K, committed 98856K, reserved 1134592K
  class space    used 12019K, capacity 12896K, committed 13360K, reserved 1048576K
}
Event: 1471.623 GC heap before
{Heap before GC invocations=27 (full 4):
 PSYoungGen      total 398336K, used 367360K [0x00000000d5580000, 0x00000000efd00000, 0x0000000100000000)
  eden space 363520K, 100% used [0x00000000d5580000,0x00000000eb880000,0x00000000eb880000)
  from space 34816K, 11% used [0x00000000eda00000,0x00000000eddc0000,0x00000000efc00000)
  to   space 34304K, 0% used [0x00000000eb880000,0x00000000eb880000,0x00000000eda00000)
 ParOldGen       total 188928K, used 71145K [0x0000000080000000, 0x000000008b880000, 0x00000000d5580000)
  object space 188928K, 37% used [0x0000000080000000,0x000000008457a490,0x000000008b880000)
 Metaspace       used 92193K, capacity 96882K, committed 98856K, reserved 1134592K
  class space    used 12027K, capacity 12900K, committed 13360K, reserved 1048576K
Event: 1471.651 GC heap after
Heap after GC invocations=27 (full 4):
 PSYoungGen      total 397824K, used 8812K [0x00000000d5580000, 0x00000000f5d00000, 0x0000000100000000)
  eden space 363520K, 0% used [0x00000000d5580000,0x00000000d5580000,0x00000000eb880000)
  from space 34304K, 25% used [0x00000000eb880000,0x00000000ec11b118,0x00000000eda00000)
  to   space 32768K, 0% used [0x00000000f3d00000,0x00000000f3d00000,0x00000000f5d00000)
 ParOldGen       total 188928K, used 73791K [0x0000000080000000, 0x000000008b880000, 0x00000000d5580000)
  object space 188928K, 39% used [0x0000000080000000,0x000000008480fc10,0x000000008b880000)
 Metaspace       used 92193K, capacity 96882K, committed 98856K, reserved 1134592K
  class space    used 12027K, capacity 12900K, committed 13360K, reserved 1048576K
}
Event: 1472.902 GC heap before
{Heap before GC invocations=28 (full 4):
 PSYoungGen      total 397824K, used 372332K [0x00000000d5580000, 0x00000000f5d00000, 0x0000000100000000)
  eden space 363520K, 100% used [0x00000000d5580000,0x00000000eb880000,0x00000000eb880000)
  from space 34304K, 25% used [0x00000000eb880000,0x00000000ec11b118,0x00000000eda00000)
  to   space 32768K, 0% used [0x00000000f3d00000,0x00000000f3d00000,0x00000000f5d00000)
 ParOldGen       total 188928K, used 73791K [0x0000000080000000, 0x000000008b880000, 0x00000000d5580000)
  object space 188928K, 39% used [0x0000000080000000,0x000000008480fc10,0x000000008b880000)
 Metaspace       used 92299K, capacity 96958K, committed 98856K, reserved 1134592K
  class space    used 12027K, capacity 12900K, committed 13360K, reserved 1048576K
Event: 1472.941 GC heap after
Heap after GC invocations=28 (full 4):
 PSYoungGen      total 492032K, used 4519K [0x00000000d5580000, 0x00000000f5880000, 0x0000000100000000)
  eden space 463872K, 0% used [0x00000000d5580000,0x00000000d5580000,0x00000000f1a80000)
  from space 28160K, 16% used [0x00000000f3d00000,0x00000000f4169c50,0x00000000f5880000)
  to   space 31744K, 0% used [0x00000000f1a80000,0x00000000f1a80000,0x00000000f3980000)
 ParOldGen       total 188928K, used 78329K [0x0000000080000000, 0x000000008b880000, 0x00000000d5580000)
  object space 188928K, 41% used [0x0000000080000000,0x0000000084c7e508,0x000000008b880000)
 Metaspace       used 92299K, capacity 96958K, committed 98856K, reserved 1134592K
  class space    used 12027K, capacity 12900K, committed 13360K, reserved 1048576K
}
Event: 1475.330 GC heap before
{Heap before GC invocations=29 (full 4):
 PSYoungGen      total 492032K, used 468391K [0x00000000d5580000, 0x00000000f5880000, 0x0000000100000000)
  eden space 463872K, 100% used [0x00000000d5580000,0x00000000f1a80000,0x00000000f1a80000)
  from space 28160K, 16% used [0x00000000f3d00000,0x00000000f4169c50,0x00000000f5880000)
  to   space 31744K, 0% used [0x00000000f1a80000,0x00000000f1a80000,0x00000000f3980000)
 ParOldGen       total 188928K, used 78329K [0x0000000080000000, 0x000000008b880000, 0x00000000d5580000)
  object space 188928K, 41% used [0x0000000080000000,0x0000000084c7e508,0x000000008b880000)
 Metaspace       used 92338K, capacity 96966K, committed 98856K, reserved 1134592K
  class space    used 12027K, capacity 12900K, committed 13360K, reserved 1048576K
Event: 1475.371 GC heap after
Heap after GC invocations=29 (full 4):
 PSYoungGen      total 495616K, used 4352K [0x00000000d5580000, 0x00000000faf80000, 0x0000000100000000)
  eden space 463872K, 0% used [0x00000000d5580000,0x00000000d5580000,0x00000000f1a80000)
  from space 31744K, 13% used [0x00000000f1a80000,0x00000000f1ec0000,0x00000000f3980000)
  to   space 30720K, 0% used [0x00000000f9180000,0x00000000f9180000,0x00000000faf80000)
 ParOldGen       total 188928K, used 81261K [0x0000000080000000, 0x000000008b880000, 0x00000000d5580000)
  object space 188928K, 43% used [0x0000000080000000,0x0000000084f5b458,0x000000008b880000)
 Metaspace       used 92338K, capacity 96966K, committed 98856K, reserved 1134592K
  class space    used 12027K, capacity 12900K, committed 13360K, reserved 1048576K
}
Event: 1479.889 GC heap before
{Heap before GC invocations=30 (full 4):
 PSYoungGen      total 495616K, used 468224K [0x00000000d5580000, 0x00000000faf80000, 0x0000000100000000)
  eden space 463872K, 100% used [0x00000000d5580000,0x00000000f1a80000,0x00000000f1a80000)
  from space 31744K, 13% used [0x00000000f1a80000,0x00000000f1ec0000,0x00000000f3980000)
  to   space 30720K, 0% used [0x00000000f9180000,0x00000000f9180000,0x00000000faf80000)
 ParOldGen       total 188928K, used 81261K [0x0000000080000000, 0x000000008b880000, 0x00000000d5580000)
  object space 188928K, 43% used [0x0000000080000000,0x0000000084f5b458,0x000000008b880000)
 Metaspace       used 92362K, capacity 96972K, committed 98856K, reserved 1134592K
  class space    used 12028K, capacity 12901K, committed 13360K, reserved 1048576K
Event: 1479.920 GC heap after
Heap after GC invocations=30 (full 4):
 PSYoungGen      total 570368K, used 4630K [0x00000000d5580000, 0x00000000fa780000, 0x0000000100000000)
  eden space 547840K, 0% used [0x00000000d5580000,0x00000000d5580000,0x00000000f6c80000)
  from space 22528K, 20% used [0x00000000f9180000,0x00000000f9605800,0x00000000fa780000)
  to   space 30208K, 0% used [0x00000000f6c80000,0x00000000f6c80000,0x00000000f8a00000)
 ParOldGen       total 188928K, used 84606K [0x0000000080000000, 0x000000008b880000, 0x00000000d5580000)
  object space 188928K, 44% used [0x0000000080000000,0x000000008529f9c0,0x000000008b880000)
 Metaspace       used 92362K, capacity 96972K, committed 98856K, reserved 1134592K
  class space    used 12028K, capacity 12901K, committed 13360K, reserved 1048576K
}

